---
layout: post
title: 0000522
categories:
- Pocket
tags:
---
原文地址：http://bugs.gw.com/view.php?id=522

收藏时间：2016-05-31 08:24:36

<div  lang="en"><p nodeIndex="273">Ok, so I found this in PHP, but as the bug was traced down into libmagic, they asked me to file it here.
</p><p brd="1" nodeIndex="93"><a href="https://bugs.php.net/bug.php?id=71527" nodeIndex="274">https://bugs.php.net/bug.php?id=71527</a> is the bug (private atm, but I can probably ask for access if you want?). Otherwise I'll copy verbatim:</p>
<p brd="1" nodeIndex="94">Description:   <br nodeIndex="275">
------------   <br nodeIndex="276">
Found this using afl-fuzz, see <a href="http://lcamtuf.coredump.cx/afl/" nodeIndex="277">http://lcamtuf.coredump.cx/afl/</a></p>
<p brd="1" nodeIndex="95">This bug causes a segfault when running with environment variable USE_ZEND_ALLOC set to 0, and also when compiled with ASAN with USE_ZEND_ALLOC set and unset.</p>
<p brd="1" nodeIndex="96">To reproduce, run the following PHP file, with the example magic file below.</p>
<p brd="1" nodeIndex="97">$ cat magic-open.php   <br nodeIndex="278">
<?php   <br nodeIndex="279">
$finfo = finfo_open(FILEINFO_NONE, $argv[1]);   <br nodeIndex="280">
$info = finfo_file($finfo, $argv[2]);   <br nodeIndex="281">
var_dump($info);   <br nodeIndex="282">
?></p>
<p brd="1" nodeIndex="98">Magic file is (used without ASAN):   <br nodeIndex="283">
$ xxd -g 1 magic.crash-noasan   <br nodeIndex="284">
0000000: 3e 3e 3e 3e 3e 3e 3e 3e 3e 3e 3e 3e 3e 3e 3e 3e >>>>>>>>>>>>>>>>   <br nodeIndex="285">
0000010: 3e 3e 3e 3e 3e 3e 3e 3e 3e 3e 3e 3e 3e 3e 3e >>>>>>>>>>>>>>></p>
<p brd="1" nodeIndex="99">$ cat magic.crash-noasan   <br nodeIndex="286">
>>>>>>>>>>>>>>>>>>>>>>>>>>>>>>></p>
<p brd="1" nodeIndex="100">Magic file is (used with ASAN):   <br nodeIndex="287">
$ xxd -g 1 magic.crash-asan   <br nodeIndex="288">
0000000: 3e 3e 3e 3e 3e 3e 3e 3e 3e 3e 3e 3e 3e 3e 3e 3e >>>>>>>>>>>>>>>>   <br nodeIndex="289">
0000010: 3e 3e 3e 3e 3e 3e 3e 3e 3e 3e 3e 3e 3e 3e 3e 3e >>>>>>>>>>>>>>>>   <br nodeIndex="290">
0000020: 71 3e 3e 3e 3e 3e 3e 3e 3e 0a 00 q>>>>>>>>..</p>
<p brd="1" nodeIndex="101">$ cat magic.crash-asan   <br nodeIndex="291">
>>>>>>>>>>>>>>>>>>>>>>>>>>>>>>>>q>>>>>>>></p>
<p brd="1" nodeIndex="102">Then run the program like:</p>
<p brd="1" nodeIndex="103">./sapi/cli/php magic-open.php magic.crash /dev/null</p>
<p brd="1" nodeIndex="104">You will get the following when NOT compiled with ASAN, and USE_ZEND_ALLOC is UNSET (no crash).</p>
<p brd="1" nodeIndex="105">$ ./php-5.6.18-noasan magic-open.php magic.crash-noasan /dev/null</p>
<p brd="1" nodeIndex="106">Warning: finfo_open(): Failed to load magic database at '/root/php-src/magic.crash-noasan'. in /root/php-src/magic-open.php on line 2</p>
<p brd="1" nodeIndex="107">Warning: finfo_file() expects parameter 1 to be resource, boolean given in /root/php-src/magic-open.php on line 3   <br nodeIndex="292">
bool(false)</p>
<p brd="1" nodeIndex="108">   <br nodeIndex="293">
You will get the following when NOT compiled with ASAN, and USE_ZEND_ALLOC is set to 0 (crash).</p>
<p brd="1" nodeIndex="109"> $ USE_ZEND_ALLOC=0 ./php-5.6.18-noasan magic-open.php magic.crash-noasan /dev/null   <br nodeIndex="294">
Segmentation fault</p>
<p brd="1" nodeIndex="110"> $ USE_ZEND_ALLOC=0 gdb --args ./php-5.6.18-noasan magic-open.php magic.crash-noasan /dev/null   <br nodeIndex="295">
<snip>   <br nodeIndex="296">
(gdb) r   <br nodeIndex="297">
Starting program: /root/php-src/php-5.6.18-noasan magic-open.php magic.crash-noasan /dev/null</p>
<p brd="1" nodeIndex="111">Program received signal SIGSEGV, Segmentation fault.   <br nodeIndex="298">
_int_malloc (av=0x7ffff76ae760 <main_arena>, bytes=79) at malloc.c:3489   <br nodeIndex="299">
3489 malloc.c: No such file or directory.   <br nodeIndex="300">
(gdb) bt   <br nodeIndex="301">
#0 _int_malloc (av=0x7ffff76ae760 <main_arena>, bytes=79) at malloc.c:3489   <br nodeIndex="302">
#1 0x00007ffff73727b0 in __GI___libc_malloc (bytes=79) at malloc.c:2891   <br nodeIndex="303">
#2 0x0000000000a9fb44 in xbuf_format_converter (<a href="mailto:xbuf=xbuf@entry" nodeIndex="304">xbuf=xbuf@entry</a>=0x7fffffff9d30, <a href="mailto:fmt=fmt@entry" nodeIndex="305">fmt=fmt@entry</a>=0x1188930 "Failed to load magic database at '%s'.",   <br nodeIndex="306">
    <a href="mailto:ap=ap@entry" nodeIndex="307">ap=ap@entry</a>=0x7fffffff9e30) at /root/php-src/main/spprintf.c:245   <br nodeIndex="308"><a href="https://bugs.gw.com/view.php?id=3" title="[closed] Character set conversion in messages doesn't work" class="resolved" nodeIndex="309">0000003</a> 0x0000000000aa260d in vspprintf (<a href="mailto:pbuf=pbuf@entry" nodeIndex="310">pbuf=pbuf@entry</a>=0x7fffffff9d90, <a href="mailto:max_len=max_len@entry" nodeIndex="311">max_len=max_len@entry</a>=0, <a href="mailto:format=format@entry" nodeIndex="312">format=format@entry</a>=0x1188930 "Failed to load magic database at '%s'.",   <br nodeIndex="313">
    <a href="mailto:ap=ap@entry" nodeIndex="314">ap=ap@entry</a>=0x7fffffff9e30) at /root/php-src/main/spprintf.c:821   <br nodeIndex="315"><a href="https://bugs.gw.com/view.php?id=4" title="[closed] nls ja catalog set4 fixes" class="resolved" nodeIndex="316">0000004</a> 0x0000000000a88caf in php_verror (docref=0x0, <a href="mailto:params=params@entry" nodeIndex="317">params=params@entry</a>=0x116a24a "", <a href="mailto:type=type@entry" nodeIndex="318">type=type@entry</a>=2,   <br nodeIndex="319">
    <a href="mailto:format=format@entry" nodeIndex="320">format=format@entry</a>=0x1188930 "Failed to load magic database at '%s'.", <a href="mailto:args=args@entry" nodeIndex="321">args=args@entry</a>=0x7fffffff9e30) at /root/php-src/main/main.c:786   <br nodeIndex="322"><a href="https://bugs.gw.com/view.php?id=5" title="[resolved] tcsh doesn't compile when Char == short" class="resolved" nodeIndex="323">0000005</a> 0x0000000000a8a644 in php_error_docref0 (<a href="mailto:docref=docref@entry" nodeIndex="324">docref=docref@entry</a>=0x0, <a href="mailto:type=type@entry" nodeIndex="325">type=type@entry</a>=2, <a href="mailto:format=format@entry" nodeIndex="326">format=format@entry</a>=0x1188930 "Failed to load magic database at '%s'.")   <br nodeIndex="327">
    at /root/php-src/main/main.c:965   <br nodeIndex="328"><a href="https://bugs.gw.com/view.php?id=6" title="[resolved] Can not compile on WIN32 NATIVE" class="resolved" nodeIndex="329">0000006</a> 0x00000000006e6338 in zif_finfo_open (ht=<optimized out>, return_value=0x18779b0, return_value_ptr=<optimized out>, this_ptr=0x0, return_value_used=<optimized out>)   <br nodeIndex="330">
    at /root/php-src/ext/fileinfo/fileinfo.c:348   <br nodeIndex="331"><a href="https://bugs.gw.com/view.php?id=7" title="[resolved] Inconsistency between termcap and terminfo names" class="resolved" nodeIndex="332">0000007</a> 0x00000000010702a0 in zend_do_fcall_common_helper_SPEC (execute_data=<optimized out>) at /root/php-src/Zend/zend_vm_execute.h:558   <br nodeIndex="333"><a href="https://bugs.gw.com/view.php?id=8" title="[resolved] Internal screen size values only partially updated" class="resolved" nodeIndex="334">0000008</a> 0x0000000000e40689 in execute_ex (execute_data=0x1844f10) at /root/php-src/Zend/zend_vm_execute.h:363   <br nodeIndex="335"><a href="https://bugs.gw.com/view.php?id=9" title="[resolved] Confusing update of internal screen size values" class="resolved" nodeIndex="336">0000009</a> 0x0000000000d0409d in zend_execute_scripts (<a href="mailto:type=type@entry" nodeIndex="337">type=type@entry</a>=8, <a href="mailto:retval=retval@entry" nodeIndex="338">retval=retval@entry</a>=0x0, <a href="mailto:file_count=file_count@entry" nodeIndex="339">file_count=file_count@entry</a>=3) at /root/php-src/Zend/zend.c:1341   <br nodeIndex="340"><a href="https://bugs.gw.com/view.php?id=10" title="[resolved] Warnings when compiling under OSX 10.3.8" class="resolved" nodeIndex="341">0000010</a> 0x0000000000a92d42 in php_execute_script (<a href="mailto:primary_file=primary_file@entry" nodeIndex="342">primary_file=primary_file@entry</a>=0x7fffffffd4a0) at /root/php-src/main/main.c:2610   <br nodeIndex="343"><a href="https://bugs.gw.com/view.php?id=11" title="[resolved] Fail to compile on HP-UX 11.00 and Solaris 9" class="resolved" nodeIndex="344">0000011</a> 0x000000000107b1d1 in do_cli (argc=4, argv=0x17588a0) at /root/php-src/sapi/cli/php_cli.c:994   <br nodeIndex="345"><a href="https://bugs.gw.com/view.php?id=12" title="[resolved] symlink=expand fails to expand some paths" class="resolved" nodeIndex="346">0000012</a> 0x00000000004212e9 in main (argc=4, argv=0x17588a0) at /root/php-src/sapi/cli/php_cli.c:1378   <br nodeIndex="347">
(gdb) x/i $rip   <br nodeIndex="348">
=> 0x7ffff736ff31 <_int_malloc+689>: mov %r14,0x10(%r9)   <br nodeIndex="349">
(gdb) i r   <br nodeIndex="350">
rax 0x7fffffff939f 140737488327583   <br nodeIndex="351">
rbx 0x7ffff76ae760 140737344366432   <br nodeIndex="352">
rcx 0x0 0   <br nodeIndex="353">
rdx 0x7ffff76ae788 140737344366472   <br nodeIndex="354">
rsi 0x7a0 1952   <br nodeIndex="355">
rdi 0x7ffff76ae760 140737344366432   <br nodeIndex="356">
rbp 0x60 0x60   <br nodeIndex="357">
rsp 0x7fffffff9310 0x7fffffff9310   <br nodeIndex="358">
r8 0x4 4   <br nodeIndex="359">
r9 0x0 0   <br nodeIndex="360">
r10 0x0 0   <br nodeIndex="361">
r11 0x416c20 4287520   <br nodeIndex="362">
r12 0x1878bb0 25660336   <br nodeIndex="363">
r13 0x6 6   <br nodeIndex="364">
r14 0x7ffff76ae7b8 140737344366520   <br nodeIndex="365">
r15 0x2710 10000   <br nodeIndex="366">
rip 0x7ffff736ff31 0x7ffff736ff31 <_int_malloc+689>   <br nodeIndex="367">
eflags 0x10287 [ CF PF SF IF RF ]   <br nodeIndex="368">
cs 0x33 51   <br nodeIndex="369">
ss 0x2b 43   <br nodeIndex="370">
ds 0x0 0   <br nodeIndex="371">
es 0x0 0   <br nodeIndex="372">
fs 0x0 0   <br nodeIndex="373">
gs 0x0 0</p>
<p brd="1" nodeIndex="112">   <br nodeIndex="374">
When compiled WITH ASAN, and USE_ZEND_ALLOC is unset (crash).   <br nodeIndex="375">
 $ ./php-5.6.18-asan magic-open.php magic.crash-asan /dev/null   <br nodeIndex="376">
ASAN:SIGSEGV   <br nodeIndex="377">
=================================================================   <br nodeIndex="378">
==20824== ERROR: AddressSanitizer: SEGV on unknown address 0x00000001f168 (pc 0x000000f9d7d4 sp 0x7ffc11db3770 bp 0x000000000000 T0)   <br nodeIndex="379">
AddressSanitizer can not provide additional info.   <br nodeIndex="380">
    #0 0xf9d7d3 in zend_mm_remove_from_free_list /root/php-src/Zend/zend_alloc.c:809   <br nodeIndex="381">
    #1 0xfa35f2 in _zend_mm_alloc_int /root/php-src/Zend/zend_alloc.c:2021   <br nodeIndex="382">
    #2 0xddffe7 in xbuf_format_converter /root/php-src/main/spprintf.c:794   <br nodeIndex="383">
    <a href="https://bugs.gw.com/view.php?id=3" title="[closed] Character set conversion in messages doesn't work" class="resolved" nodeIndex="384">0000003</a> 0xde6b75 in vspprintf /root/php-src/main/spprintf.c:821   <br nodeIndex="385">
    <a href="https://bugs.gw.com/view.php?id=4" title="[closed] nls ja catalog set4 fixes" class="resolved" nodeIndex="386">0000004</a> 0xde6b75 in spprintf /root/php-src/main/spprintf.c:840   <br nodeIndex="387">
    <a href="https://bugs.gw.com/view.php?id=5" title="[resolved] tcsh doesn't compile when Char == short" class="resolved" nodeIndex="388">0000005</a> 0xdc0d47 in php_verror /root/php-src/main/main.c:852   <br nodeIndex="389">
    <a href="https://bugs.gw.com/view.php?id=6" title="[resolved] Can not compile on WIN32 NATIVE" class="resolved" nodeIndex="390">0000006</a> 0xdc142a in php_error_docref0 /root/php-src/main/main.c:965   <br nodeIndex="391">
    <a href="https://bugs.gw.com/view.php?id=7" title="[resolved] Inconsistency between termcap and terminfo names" class="resolved" nodeIndex="392">0000007</a> 0x7fe8ca in zif_finfo_open /root/php-src/ext/fileinfo/fileinfo.c:348   <br nodeIndex="393">
    <a href="https://bugs.gw.com/view.php?id=8" title="[resolved] Internal screen size values only partially updated" class="resolved" nodeIndex="394">0000008</a> 0x17f7969 in zend_do_fcall_common_helper_SPEC /root/php-src/Zend/zend_vm_execute.h:558   <br nodeIndex="395">
    <a href="https://bugs.gw.com/view.php?id=9" title="[resolved] Confusing update of internal screen size values" class="resolved" nodeIndex="396">0000009</a> 0x139d03d in execute_ex /root/php-src/Zend/zend_vm_execute.h:363   <br nodeIndex="397">
    <a href="https://bugs.gw.com/view.php?id=10" title="[resolved] Warnings when compiling under OSX 10.3.8" class="resolved" nodeIndex="398">0000010</a> 0x11816fa in zend_execute_scripts /root/php-src/Zend/zend.c:1341   <br nodeIndex="399">
    <a href="https://bugs.gw.com/view.php?id=11" title="[resolved] Fail to compile on HP-UX 11.00 and Solaris 9" class="resolved" nodeIndex="400">0000011</a> 0xdcb6f1 in php_execute_script /root/php-src/main/main.c:2610   <br nodeIndex="401">
    <a href="https://bugs.gw.com/view.php?id=12" title="[resolved] symlink=expand fails to expand some paths" class="resolved" nodeIndex="402">0000012</a> 0x1806199 in do_cli /root/php-src/sapi/cli/php_cli.c:994   <br nodeIndex="403">
    <a href="https://bugs.gw.com/view.php?id=13" title="[resolved] Please comment OS-specific NetBSD check" class="resolved" nodeIndex="404">0000013</a> 0x43622f in main /root/php-src/sapi/cli/php_cli.c:1378   <br nodeIndex="405">
    <a href="https://bugs.gw.com/view.php?id=14" title="[resolved] NLS_CATALOGS default value" class="resolved" nodeIndex="406">0000014</a> 0x7f87f6409ec4 (/lib/x86_64-linux-gnu/libc.so.6+0x21ec4)   <br nodeIndex="407">
    <a href="https://bugs.gw.com/view.php?id=15" title="[assigned] autoconfig catgets" nodeIndex="408">0000015</a> 0x4373ac in _start (/root/php-src/php-5.6.18-asan+0x4373ac)   <br nodeIndex="409">
SUMMARY: AddressSanitizer: SEGV /root/php-src/Zend/zend_alloc.c:809 zend_mm_remove_from_free_list   <br nodeIndex="410">
==20824== ABORTING   <br nodeIndex="411">
Aborted</p>
<p brd="1" nodeIndex="113">   <br nodeIndex="412">
And compiled with ASAN and USE_ZEND_ALLOC set to 0:</p>
<p brd="1" nodeIndex="114"> $ USE_ZEND_ALLOC=0 ./php-5.6.18-asan magic-open.php magic.crash-asan /dev/null   <br nodeIndex="413">
=================================================================   <br nodeIndex="414">
==20849== ERROR: AddressSanitizer: heap-buffer-overflow on address 0x60340000cd04 at pc 0x8664d0 bp 0x7ffcc02d84b0 sp 0x7ffcc02d84a8   <br nodeIndex="415">
WRITE of size 4 at 0x60340000cd04 thread T0   <br nodeIndex="416">
    #0 0x8664cf in file_check_mem /root/php-src/ext/fileinfo/libmagic/funcs.c:426   <br nodeIndex="417">
    #1 0x80cd7b in parse /root/php-src/ext/fileinfo/libmagic/apprentice.c:1520   <br nodeIndex="418">
    #2 0x80cd7b in load_1 /root/php-src/ext/fileinfo/libmagic/apprentice.c:1022   <br nodeIndex="419">
    <a href="https://bugs.gw.com/view.php?id=3" title="[closed] Character set conversion in messages doesn't work" class="resolved" nodeIndex="420">0000003</a> 0x8184aa in apprentice_load /root/php-src/ext/fileinfo/libmagic/apprentice.c:1215   <br nodeIndex="421">
    <a href="https://bugs.gw.com/view.php?id=4" title="[closed] nls ja catalog set4 fixes" class="resolved" nodeIndex="422">0000004</a> 0x81c6dc in apprentice_1 /root/php-src/ext/fileinfo/libmagic/apprentice.c:417   <br nodeIndex="423">
    <a href="https://bugs.gw.com/view.php?id=5" title="[resolved] tcsh doesn't compile when Char == short" class="resolved" nodeIndex="424">0000005</a> 0x823594 in file_apprentice /root/php-src/ext/fileinfo/libmagic/apprentice.c:603   <br nodeIndex="425">
    <a href="https://bugs.gw.com/view.php?id=6" title="[resolved] Can not compile on WIN32 NATIVE" class="resolved" nodeIndex="426">0000006</a> 0x7fe571 in zif_finfo_open /root/php-src/ext/fileinfo/fileinfo.c:347   <br nodeIndex="427">
    <a href="https://bugs.gw.com/view.php?id=7" title="[resolved] Inconsistency between termcap and terminfo names" class="resolved" nodeIndex="428">0000007</a> 0x17f7969 in zend_do_fcall_common_helper_SPEC /root/php-src/Zend/zend_vm_execute.h:558   <br nodeIndex="429">
    <a href="https://bugs.gw.com/view.php?id=8" title="[resolved] Internal screen size values only partially updated" class="resolved" nodeIndex="430">0000008</a> 0x139d03d in execute_ex /root/php-src/Zend/zend_vm_execute.h:363   <br nodeIndex="431">
    <a href="https://bugs.gw.com/view.php?id=9" title="[resolved] Confusing update of internal screen size values" class="resolved" nodeIndex="432">0000009</a> 0x11816fa in zend_execute_scripts /root/php-src/Zend/zend.c:1341   <br nodeIndex="433">
    <a href="https://bugs.gw.com/view.php?id=10" title="[resolved] Warnings when compiling under OSX 10.3.8" class="resolved" nodeIndex="434">0000010</a> 0xdcb6f1 in php_execute_script /root/php-src/main/main.c:2610   <br nodeIndex="435">
    <a href="https://bugs.gw.com/view.php?id=11" title="[resolved] Fail to compile on HP-UX 11.00 and Solaris 9" class="resolved" nodeIndex="436">0000011</a> 0x1806199 in do_cli /root/php-src/sapi/cli/php_cli.c:994   <br nodeIndex="437">
    <a href="https://bugs.gw.com/view.php?id=12" title="[resolved] symlink=expand fails to expand some paths" class="resolved" nodeIndex="438">0000012</a> 0x43622f in main /root/php-src/sapi/cli/php_cli.c:1378   <br nodeIndex="439">
    <a href="https://bugs.gw.com/view.php?id=13" title="[resolved] Please comment OS-specific NetBSD check" class="resolved" nodeIndex="440">0000013</a> 0x7f773df01ec4 (/lib/x86_64-linux-gnu/libc.so.6+0x21ec4)   <br nodeIndex="441">
    <a href="https://bugs.gw.com/view.php?id=14" title="[resolved] NLS_CATALOGS default value" class="resolved" nodeIndex="442">0000014</a> 0x4373ac in _start (/root/php-src/php-5.6.18-asan+0x4373ac)   <br nodeIndex="443">
0x60340000cd04 is located 36 bytes to the right of 480-byte region [0x60340000cb00,0x60340000cce0)   <br nodeIndex="444">
allocated by thread T0 here:   <br nodeIndex="445">
    #0 0x7f773e9df55f (/usr/lib/x86_64-linux-gnu/libasan.so.0+0x1555f)   <br nodeIndex="446">
    #1 0x8662ab in file_check_mem /root/php-src/ext/fileinfo/libmagic/funcs.c:418   <br nodeIndex="447">
SUMMARY: AddressSanitizer: heap-buffer-overflow /root/php-src/ext/fileinfo/libmagic/funcs.c:429 file_check_mem   <br nodeIndex="448">
Shadow bytes around the buggy address:   <br nodeIndex="449">
  0x0c06ffff9950: fa fa fa fa fa fa fa fa fa fa fa fa fa fa fa fa   <br nodeIndex="450">
  0x0c06ffff9960: 00 00 00 00 00 00 00 00 00 00 00 00 00 00 00 00   <br nodeIndex="451">
  0x0c06ffff9970: 00 00 00 00 00 00 00 00 00 00 00 00 00 00 00 00   <br nodeIndex="452">
  0x0c06ffff9980: 00 00 00 00 00 00 00 00 00 00 00 00 00 00 00 00   <br nodeIndex="453">
  0x0c06ffff9990: 00 00 00 00 00 00 00 00 00 00 00 00 fa fa fa fa   <br nodeIndex="454">
=>0x0c06ffff99a0:[fa]fa fa fa fa fa fa fa fa fa fa fa fa fa fa fa   <br nodeIndex="455">
  0x0c06ffff99b0: 00 00 00 00 00 00 00 00 00 00 00 00 00 00 00 00   <br nodeIndex="456">
  0x0c06ffff99c0: 00 00 00 00 00 00 00 00 00 00 00 00 00 00 00 00   <br nodeIndex="457">
  0x0c06ffff99d0: 00 00 00 00 00 00 00 00 00 00 00 00 00 00 00 00   <br nodeIndex="458">
  0x0c06ffff99e0: 00 00 00 00 00 00 00 00 00 00 00 00 00 00 00 00   <br nodeIndex="459">
  0x0c06ffff99f0: fa fa fa fa fa fa fa fa fa fa fa fa fa fa fa fa   <br nodeIndex="460">
Shadow byte legend (one shadow byte represents 8 application bytes):   <br nodeIndex="461">
  Addressable: 00   <br nodeIndex="462">
  Partially addressable: 01 02 03 04 05 06 07   <br nodeIndex="463">
  Heap left redzone: fa   <br nodeIndex="464">
  Heap righ redzone: fb   <br nodeIndex="465">
  Freed Heap region: fd   <br nodeIndex="466">
  Stack left redzone: f1   <br nodeIndex="467">
  Stack mid redzone: f2   <br nodeIndex="468">
  Stack right redzone: f3   <br nodeIndex="469">
  Stack partial redzone: f4   <br nodeIndex="470">
  Stack after return: f5   <br nodeIndex="471">
  Stack use after scope: f8   <br nodeIndex="472">
  Global redzone: f9   <br nodeIndex="473">
  Global init order: f6   <br nodeIndex="474">
  Poisoned by user: f7   <br nodeIndex="475">
  ASan internal: fe   <br nodeIndex="476">
==20849== ABORTING   <br nodeIndex="477">
Aborted</p>

<p brd="1" nodeIndex="116">Right, so those are all the possible crash states, the patch to fix is simple:</p>
<p brd="1" nodeIndex="117">diff --git a/ext/fileinfo/libmagic/funcs.c b/ext/fileinfo/libmagic/funcs.c   <br nodeIndex="478">
index bd6d3d5..aefb95d 100644   <br nodeIndex="479">
--- a/ext/fileinfo/libmagic/funcs.c   <br nodeIndex="480">
+++ b/ext/fileinfo/libmagic/funcs.c   <br nodeIndex="481">
@@ -414,7 +414,7 @@ file_check_mem(struct magic_set *ms, unsigned int level)   <br nodeIndex="482">
        size_t len;   <br nodeIndex="483">
    <br nodeIndex="484">
        if (level >= ms->c.len) {   <br nodeIndex="485">
- len = (ms->c.len += 20) * sizeof(*ms->c.li);   <br nodeIndex="486">
+ while (level >= ms->c.len) len = (ms->c.len += 20) * sizeof(*ms->c.li);   <br nodeIndex="487">
                ms->c.li = CAST(struct level_info *, (ms->c.li == NULL) ?   <br nodeIndex="488">
                    emalloc(len) :   <br nodeIndex="489">
                    erealloc(ms->c.li, len));</p>
<p brd="1" nodeIndex="118">   <br nodeIndex="490">
Reasoning for that patch is with these tests, level is set to either 31 (noasan test file), or 32 (asan test file), and ms->c.len is 10. Originally it added 20 to the length, then realloc'd the memory chunk, then indexed into the memory at position "level". This overflowed the memory, and a write occurred. This patch ensures that the memory length is over the size of level.</p>
<p brd="1" nodeIndex="119">You can see this from some gdb sessions:</p>
<p brd="1" nodeIndex="120">$ gdb -ex 'break file_check_mem' -ex run -ex bt -ex 'p ms->c.len' -ex quit --args ./php-5.6.18-noasan magic-open.php magic.crash-noasan /dev/null   <br nodeIndex="491">
<snip>   <br nodeIndex="492">
Breakpoint 1 at 0x7235a0: file /root/php-src/ext/fileinfo/libmagic/funcs.c, line 413.   <br nodeIndex="493">
Starting program: /root/php-src/php-5.6.18-noasan magic-open.php magic.crash-noasan /dev/null</p>
<p brd="1" nodeIndex="121">Breakpoint 1, file_check_mem (<a href="mailto:ms=ms@entry" nodeIndex="494">ms=ms@entry</a>=0x1879810, <a href="mailto:level=level@entry" nodeIndex="495">level=level@entry</a>=31) at /root/php-src/ext/fileinfo/libmagic/funcs.c:413   <br nodeIndex="496">
413 {   <br nodeIndex="497">
#0 file_check_mem (<a href="mailto:ms=ms@entry" nodeIndex="498">ms=ms@entry</a>=0x1879810, <a href="mailto:level=level@entry" nodeIndex="499">level=level@entry</a>=31) at /root/php-src/ext/fileinfo/libmagic/funcs.c:413   <br nodeIndex="500">
#1 0x00000000006f1f3a in parse (action=<optimized out>, lineno=<optimized out>, line=0x7fffffff5bd0 '>' <repeats 31 times>, me=0x7fffffff5bc0, ms=<optimized out>)   <br nodeIndex="501">
    at /root/php-src/ext/fileinfo/libmagic/apprentice.c:1520   <br nodeIndex="502">
#2 load_1 (<a href="mailto:ms=ms@entry" nodeIndex="503">ms=ms@entry</a>=0x1879810, <a href="mailto:action=action@entry" nodeIndex="504">action=action@entry</a>=0, <a href="mailto:fn=fn@entry" nodeIndex="505">fn=fn@entry</a>=0x18779e0 "/root/php-src/magic.crash-noasan", <a href="mailto:errs=errs@entry" nodeIndex="506">errs=errs@entry</a>=0x7fffffff7c60,   <br nodeIndex="507">
    <a href="mailto:mset=mset@entry" nodeIndex="508">mset=mset@entry</a>=0x7fffffff7c70) at /root/php-src/ext/fileinfo/libmagic/apprentice.c:1022   <br nodeIndex="509"><a href="https://bugs.gw.com/view.php?id=3" title="[closed] Character set conversion in messages doesn't work" class="resolved" nodeIndex="510">0000003</a> 0x00000000006f9a03 in apprentice_load (<a href="mailto:ms=ms@entry" nodeIndex="511">ms=ms@entry</a>=0x1879810, <a href="mailto:fn=fn@entry" nodeIndex="512">fn=fn@entry</a>=0x18779e0 "/root/php-src/magic.crash-noasan", <a href="mailto:action=action@entry" nodeIndex="513">action=action@entry</a>=0)   <br nodeIndex="514">
    at /root/php-src/ext/fileinfo/libmagic/apprentice.c:1215   <br nodeIndex="515"><a href="https://bugs.gw.com/view.php?id=4" title="[closed] nls ja catalog set4 fixes" class="resolved" nodeIndex="516">0000004</a> 0x00000000006fdfa6 in apprentice_1 (ms=0x1879810, fn=0x18779e0 "/root/php-src/magic.crash-noasan", action=0) at /root/php-src/ext/fileinfo/libmagic/apprentice.c:417   <br nodeIndex="517"><a href="https://bugs.gw.com/view.php?id=5" title="[resolved] tcsh doesn't compile when Char == short" class="resolved" nodeIndex="518">0000005</a> 0x00000000006fffae in file_apprentice (ms=0x1879810, fn=0x18779e0 "/root/php-src/magic.crash-noasan", action=0)   <br nodeIndex="519">
    at /root/php-src/ext/fileinfo/libmagic/apprentice.c:603   <br nodeIndex="520"><a href="https://bugs.gw.com/view.php?id=6" title="[resolved] Can not compile on WIN32 NATIVE" class="resolved" nodeIndex="521">0000006</a> 0x0000000000725bb7 in magic_load (ms=<optimized out>, magicfile=<optimized out>) at /root/php-src/ext/fileinfo/libmagic/magic.c:267   <br nodeIndex="522"><a href="https://bugs.gw.com/view.php?id=7" title="[resolved] Inconsistency between termcap and terminfo names" class="resolved" nodeIndex="523">0000007</a> 0x00000000006e61e5 in zif_finfo_open (ht=<optimized out>, return_value=0x18779b0, return_value_ptr=<optimized out>, this_ptr=0x0, return_value_used=<optimized out>)   <br nodeIndex="524">
    at /root/php-src/ext/fileinfo/fileinfo.c:347   <br nodeIndex="525"><a href="https://bugs.gw.com/view.php?id=8" title="[resolved] Internal screen size values only partially updated" class="resolved" nodeIndex="526">0000008</a> 0x00000000010702a0 in zend_do_fcall_common_helper_SPEC (execute_data=<optimized out>) at /root/php-src/Zend/zend_vm_execute.h:558   <br nodeIndex="527"><a href="https://bugs.gw.com/view.php?id=9" title="[resolved] Confusing update of internal screen size values" class="resolved" nodeIndex="528">0000009</a> 0x0000000000e40689 in execute_ex (execute_data=0x1844f10) at /root/php-src/Zend/zend_vm_execute.h:363   <br nodeIndex="529"><a href="https://bugs.gw.com/view.php?id=10" title="[resolved] Warnings when compiling under OSX 10.3.8" class="resolved" nodeIndex="530">0000010</a> 0x0000000000d0409d in zend_execute_scripts (<a href="mailto:type=type@entry" nodeIndex="531">type=type@entry</a>=8, <a href="mailto:retval=retval@entry" nodeIndex="532">retval=retval@entry</a>=0x0, <a href="mailto:file_count=file_count@entry" nodeIndex="533">file_count=file_count@entry</a>=3) at /root/php-src/Zend/zend.c:1341   <br nodeIndex="534"><a href="https://bugs.gw.com/view.php?id=11" title="[resolved] Fail to compile on HP-UX 11.00 and Solaris 9" class="resolved" nodeIndex="535">0000011</a> 0x0000000000a92d42 in php_execute_script (<a href="mailto:primary_file=primary_file@entry" nodeIndex="536">primary_file=primary_file@entry</a>=0x7fffffffd4a0) at /root/php-src/main/main.c:2610   <br nodeIndex="537"><a href="https://bugs.gw.com/view.php?id=12" title="[resolved] symlink=expand fails to expand some paths" class="resolved" nodeIndex="538">0000012</a> 0x000000000107b1d1 in do_cli (argc=4, argv=0x17588a0) at /root/php-src/sapi/cli/php_cli.c:994   <br nodeIndex="539"><a href="https://bugs.gw.com/view.php?id=13" title="[resolved] Please comment OS-specific NetBSD check" class="resolved" nodeIndex="540">0000013</a> 0x00000000004212e9 in main (argc=4, argv=0x17588a0) at /root/php-src/sapi/cli/php_cli.c:1378   <br nodeIndex="541">
$1 = 10</p>
<p brd="1" nodeIndex="122">   <br nodeIndex="542">
So looking at the possible attacks, without asan, and not using zend alloc, we have a segfault in alloc, where alloc is presumably trying to determine free space from unassigned memory that we wrote to when overflowing, this causes a crash. This is backed up when we look at the stack trace of when we run with asan, and using zend_alloc, where we get a segfault in zend_mm_remove_from_free_list, which is caused by a call to ZEND_MM_CHECK_TREE with a mm_block with an invalid parent pointer.</p>
<p brd="1" nodeIndex="123">Running with asan, and not using zend alloc, pinpoints the location of the buffer overwrite, to be in file_check_mem, where we patched.</p>
<p brd="1" nodeIndex="124">After the patch, there are no crashes, and you get the message the same as running without asan and with zend alloc.</p>
<p brd="1" nodeIndex="125">Thanks for taking the time to read this report, sorry it was such a long one, just wanted to get across all the different scenarios.</p>
<p brd="1" nodeIndex="126">Test script:   <br nodeIndex="543">
---------------   <br nodeIndex="544">
<?php   <br nodeIndex="545">
$finfo = finfo_open(FILEINFO_NONE, $argv[1]);   <br nodeIndex="546">
$info = finfo_file($finfo, $argv[2]);   <br nodeIndex="547">
var_dump($info);   <br nodeIndex="548">
?></p>
<p brd="1" nodeIndex="127">without ASAN and with USE_ZEND_ALLOC=0, use >>>>>>>>>>>>>>>>>>>>>>>>>>>>>>></p>
<p brd="1" nodeIndex="128">with ASAN, with or without USE_ZEND_ALLOC=0, use >>>>>>>>>>>>>>>>>>>>>>>>>>>>>>>>q>>>>>>>></p>

<p brd="1" nodeIndex="130">Expected result:   <br nodeIndex="549">
----------------   <br nodeIndex="550">
Warning: finfo_open(): Failed to load magic database at '/root/php-src/magic.crash-noasan'. in /root/php-src/magic-open.php on line 2</p>
<p brd="1" nodeIndex="131">Warning: finfo_file() expects parameter 1 to be resource, boolean given in /root/php-src/magic-open.php on line 3   <br nodeIndex="551">
bool(false)</p>
<p brd="1" nodeIndex="132">   <br nodeIndex="552">
Actual result:   <br nodeIndex="553">
--------------   <br nodeIndex="554">
See description for each scenario's backtrace.</p>
</div>